id is: 42283fbc717bd48eb551c28cbd20737d
sleeping for 35 seconds
updating tools

Extracting new tools with cpio...
box_info.new
report_linux
354 blocks
start time is 1601281921
timestamp is  1601281956
filesize  is  9245
mode: 16877
got ID from file (42283fbc717bd48eb551c28cbd20737d)
pushing data to server
1672 blocks
id is: 42283fbc717bd48eb551c28cbd20737d
sleeping for 36 seconds
updating tools

Extracting new tools with cpio...
box_info.new
report_linux
354 blocks
start time is 1601886721
timestamp is  1601886757
filesize  is  9245
mode: 16877
got ID from file (42283fbc717bd48eb551c28cbd20737d)
pushing data to server
1672 blocks
id is: 42283fbc717bd48eb551c28cbd20737d
sleeping for 8 seconds
updating tools

Extracting new tools with cpio...
box_info.new
report_linux
354 blocks
start time is 1602491521
timestamp is  1602491529
filesize  is  9245
mode: 16877
got ID from file (42283fbc717bd48eb551c28cbd20737d)
pushing data to server
1672 blocks
id is: 42283fbc717bd48eb551c28cbd20737d
sleeping for 51 seconds
updating tools

Extracting new tools with cpio...
box_info.new
report_linux
354 blocks
start time is 1603096322
timestamp is  1603096373
filesize  is  9245
mode: 16877
got ID from file (42283fbc717bd48eb551c28cbd20737d)
pushing data to server
1672 blocks
id is: 42283fbc717bd48eb551c28cbd20737d
sleeping for 49 seconds
updating tools

Extracting new tools with cpio...
box_info.new
report_linux
354 blocks
start time is 1603701121
timestamp is  1603701170
filesize  is  9245
mode: 16877
got ID from file (42283fbc717bd48eb551c28cbd20737d)
pushing data to server
1672 blocks
id is: 42283fbc717bd48eb551c28cbd20737d
sleeping for 7 seconds
updating tools

Extracting new tools with cpio...
box_info.new
report_linux
354 blocks
start time is 1604305921
timestamp is  1604305928
filesize  is  9245
mode: 16877
got ID from file (42283fbc717bd48eb551c28cbd20737d)
pushing data to server
1672 blocks
id is: 42283fbc717bd48eb551c28cbd20737d
sleeping for 14 seconds
updating tools

Extracting new tools with cpio...
box_info.new
report_linux
354 blocks
start time is 1604910721
timestamp is  1604910735
filesize  is  9245
mode: 16877
got ID from file (42283fbc717bd48eb551c28cbd20737d)
pushing data to server
1672 blocks
connect: Connection refused at /root/info/box_info line 145.
id is: 42283fbc717bd48eb551c28cbd20737d
sleeping for 2 seconds
updating tools
id is: 42283fbc717bd48eb551c28cbd20737d
sleeping for 29 seconds
updating tools

Extracting new tools with cpio...
box_info.new
report_linux
354 blocks
start time is 1606120321
timestamp is  1606120350
filesize  is  9245
mode: 16877
got ID from file (42283fbc717bd48eb551c28cbd20737d)
pushing data to server
1672 blocks
id is: 42283fbc717bd48eb551c28cbd20737d
sleeping for 53 seconds
updating tools

Extracting new tools with cpio...
box_info.new
report_linux
354 blocks
start time is 1606725121
timestamp is  1606725174
filesize  is  9245
mode: 16877
got ID from file (42283fbc717bd48eb551c28cbd20737d)
pushing data to server
1672 blocks
id is: 42283fbc717bd48eb551c28cbd20737d
sleeping for 47 seconds
updating tools

Extracting new tools with cpio...
box_info.new
report_linux
354 blocks
start time is 1607329921
timestamp is  1607329968
filesize  is  9245
mode: 16877
got ID from file (42283fbc717bd48eb551c28cbd20737d)
pushing data to server
1672 blocks
id is: 42283fbc717bd48eb551c28cbd20737d
sleeping for 5 seconds
updating tools

Extracting new tools with cpio...
box_info.new
report_linux
354 blocks
start time is 1607934721
timestamp is  1607934726
filesize  is  9245
mode: 16877
got ID from file (42283fbc717bd48eb551c28cbd20737d)
pushing data to server
1672 blocks
